  QProgressIndicator.cpp
  RasterUtils.cpp
  AdapterRaster.cpp
  ESRIShapefile.cpp
  Geometry.cpp
  GeometryLineString.cpp
  GeometryPoint.cpp
  GeometryPointArrow.cpp
  GeometryPointCircle.cpp
  GeometryPointImage.cpp
  GeometryPointImageScaled.cpp
  GeometryPointShape.cpp
  GeometryPointShapeScaled.cpp
  GeometryPolygon.cpp
  GeometryPolygonImage.cpp
  GeometryWidget.cpp
  GPS_Position.cpp
  ImageManager.cpp
  Layer.cpp
  LayerESRIShapefile.cpp
  LayerGeometry.cpp
  LayerMapAdapter.cpp
  LayerRaster.cpp
  MapAdapter.cpp
  MapAdapterBing.cpp
  MapAdapterGoogle.cpp
  MapAdapterOpenSeaMap.cpp
  MapAdapterOSM.cpp
  MapAdapterOTM.cpp
  MapAdapterTile.cpp
  MapAdapterWMS.cpp
  MapAdapterYahoo.cpp
  NetworkManager.cpp
  PersistentCache.cpp
  Projection.cpp
  ProjectionEquirectangular.cpp
  ProjectionSphericalMercator.cpp
  QMapControl.cpp
  moc_QProgressIndicator.cpp
  moc_AdapterRaster.cpp
  moc_ESRIShapefile.cpp
  moc_Geometry.cpp
  moc_GeometryLineString.cpp
  moc_GeometryPoint.cpp
  moc_GeometryPointShape.cpp
  moc_GeometryPointShapeScaled.cpp
  moc_GeometryPolygon.cpp
  moc_GeometryWidget.cpp
  moc_ImageManager.cpp
  moc_Layer.cpp
  moc_LayerESRIShapefile.cpp
  moc_LayerGeometry.cpp
  moc_LayerMapAdapter.cpp
  moc_MapAdapter.cpp
  moc_MapAdapterBing.cpp
  moc_MapAdapterGoogle.cpp
  moc_MapAdapterOpenSeaMap.cpp
  moc_MapAdapterOSM.cpp
  moc_MapAdapterOTM.cpp
  moc_MapAdapterTile.cpp
  moc_MapAdapterYahoo.cpp
  moc_NetworkManager.cpp
  moc_QMapControl.cpp
     Creating library C:\Users\laca\source\repos\maps\QMapControl\QMapControl\x64\Debug\QMapControl.lib and object C:\Users\laca\source\repos\maps\QMapControl\QMapControl\x64\Debug\QMapControl.exp
  QMapControl.vcxproj -> C:\Users\laca\source\repos\maps\QMapControl\QMapControl\x64\Debug\QMapControl.dll
